timeStamp,elapsed,label,responseCode,responseMessage,threadName,dataType,success,failureMessage,bytes,sentBytes,grpThreads,allThreads,URL,Latency,IdleTime,Connect
1729529898462,230,HTTP Request,200,OK,Thread Group 1-1,text,true,,465,358,1,1,http://localhost:8080/api/v3/store/order,224,0,69
1729529901354,8,HTTP Request,200,OK,Thread Group 1-2,text,true,,465,358,1,1,http://localhost:8080/api/v3/store/order,8,0,2
1729529904358,7,HTTP Request,200,OK,Thread Group 1-3,text,true,,465,358,1,1,http://localhost:8080/api/v3/store/order,7,0,1
1729529907357,8,HTTP Request,200,OK,Thread Group 1-4,text,true,,465,358,1,1,http://localhost:8080/api/v3/store/order,8,0,1
1729529910358,6,HTTP Request,200,OK,Thread Group 1-5,text,true,,465,358,1,1,http://localhost:8080/api/v3/store/order,6,0,1
1729529913356,7,HTTP Request,200,OK,Thread Group 1-6,text,true,,464,357,1,1,http://localhost:8080/api/v3/store/order,7,0,1
1729529916355,7,HTTP Request,200,OK,Thread Group 1-7,text,true,,465,358,1,1,http://localhost:8080/api/v3/store/order,7,0,1
1729529919357,6,HTTP Request,200,OK,Thread Group 1-8,text,true,,464,357,1,1,http://localhost:8080/api/v3/store/order,6,0,1
1729529922356,6,HTTP Request,200,OK,Thread Group 1-9,text,true,,465,358,1,1,http://localhost:8080/api/v3/store/order,6,0,1
1729529925356,6,HTTP Request,200,OK,Thread Group 1-10,text,true,,465,358,1,1,http://localhost:8080/api/v3/store/order,6,0,1
